1759570844854	mozrunner::runner	INFO	Running command: "C:\\Program Files\\Mozilla Firefox\\firefox.exe" "-marionette" "--headless" "-foreground" "-no-remote" "-profile" "C:\\Users\\QUBIX\\AppData\\Local\\Temp\\rust_mozprofilefV8oqH"
*** You are running in headless mode.
console.warn: services.settings: Ignoring preference override of remote settings server
console.warn: services.settings: Allow by setting MOZ_REMOTE_SETTINGS_DEVTOOLS=1 in the environment
1759570847199	Marionette	INFO	Marionette enabled
Dynamically enable window occlusion 0
console.error: "Warning: unrecognized command line flag" "-foreground"
1759570847401	Marionette	INFO	Listening on port 51288
[GFX1-]: RenderCompositorSWGL failed mapping default framebuffer, no dt
1759570847647	RemoteAgent	WARN	TLS certificate errors will be ignored for this session
console.error: [Exception... "Component returned failure code: 0x80070057 (NS_ERROR_ILLEGAL_VALUE) [nsIWinTaskbar.getTaskbarProgress]"  nsresult: "0x80070057 (NS_ERROR_ILLEGAL_VALUE)"  location: "JS frame :: resource:///modules/DownloadsTaskbar.sys.mjs :: _attachIndicator :: line 127"  data: no]
console.error: [Exception... "Favicon at "https://www.discudemy.com/apple-touch-icon.png" failed to load."  nsresult: "0x804b001e (NS_ERROR_UNKNOWN_HOST)"  location: "JS frame :: resource:///modules/FaviconLoader.sys.mjs :: onStopRequest :: line 225"  data: no]
console.error: [Exception... "Favicon at "https://www.discudemy.com/favicon-16x16.png" failed to load."  nsresult: "0x804b001e (NS_ERROR_UNKNOWN_HOST)"  location: "JS frame :: resource:///modules/FaviconLoader.sys.mjs :: onStopRequest :: line 225"  data: no]
console.warn: WindowsJumpLists: "Failed to fetch favicon for " "https://www.discudemy.com/all/1" [Exception... "Failure"  nsresult: "0x80004005 (NS_ERROR_FAILURE)"  location: "<unknown>"  data: no]
console.warn: RSLoader: Recipe new-tab-145020250919173227-to-beta not returned from collection nimbus-secure-experiments because it contains feature newtabTrainhopAddon, which is disallowed for that collection.
console.warn: RSLoader: Recipe new-tab-145020250919173227-to-release not returned from collection nimbus-secure-experiments because it contains feature newtabTrainhopAddon, which is disallowed for that collection.
console.warn: WindowsJumpLists: "Failed to fetch favicon for " "https://www.discudemy.com/all/1" [Exception... "Failure"  nsresult: "0x80004005 (NS_ERROR_FAILURE)"  location: "<unknown>"  data: no]
JavaScript error: , line 0: uncaught exception: undefined
console.warn: WindowsJumpLists: "Failed to fetch favicon for " "https://www.discudemy.com/all/1" [Exception... "Failure"  nsresult: "0x80004005 (NS_ERROR_FAILURE)"  location: "<unknown>"  data: no]
console.warn: WindowsJumpLists: "Failed to fetch favicon for " "https://www.discudemy.com/all/1" [Exception... "Failure"  nsresult: "0x80004005 (NS_ERROR_FAILURE)"  location: "<unknown>"  data: no]
